 Volume in drive D is 64WinXP 
 Volume Serial Number is 000E-DF45

 Directory of D:\dalsrc\DatabaseLayout\src\vendor\github.com

2019/10/24  16:32    <DIR>          .
2019/10/24  16:32    <DIR>          ..
2019/09/05  14:43    <DIR>          ahmetb
2019/09/19  14:02    <DIR>          aliyun
2019/09/19  14:02    <DIR>          antonholmquist
2019/09/19  14:02    <DIR>          astaxie
2019/09/19  14:02    <DIR>          binlaniua
2018/04/28  10:21    <DIR>          denisenkom
2019/09/19  14:02    <DIR>          dgrijalva
2018/04/28  10:21    <DIR>          disintegration
2018/04/28  10:21    <DIR>          echlebek
2018/04/28  10:21    <DIR>          eclipse
2019/09/19  14:02    <DIR>          extrame
2018/04/28  10:21    <DIR>          ghodss
2019/09/19  14:02    <DIR>          globalsign
2018/04/28  10:21    <DIR>          go-sql-driver
2019/09/19  14:02    <DIR>          go-swagger
2019/09/19  14:02    <DIR>          goinggo
2019/09/19  14:02    <DIR>          golang
2018/04/28  10:21    <DIR>          gorilla
2019/09/19  14:02    <DIR>          hashicorp
2018/04/28  10:21    <DIR>          imdario
2018/04/28  10:21    <DIR>          jacoblai
2018/04/28  10:21    <DIR>          json-iterator
2018/04/28  10:21    <DIR>          julienschmidt
2018/04/28  10:21    <DIR>          klauspost
2018/04/28  10:21    <DIR>          Luxurioust
2019/10/24  16:32    <DIR>          marianogappa
2019/09/19  14:02    <DIR>          mattn
2019/09/19  14:02    <DIR>          mojocn
2019/09/19  14:02    <DIR>          openzipkin
2019/09/19  14:02    <DIR>          orcaman
2018/04/28  10:21    <DIR>          pquerna
2018/04/28  10:21    <DIR>          robfig
2018/07/19  15:44    <DIR>          satori
2018/04/28  10:21    <DIR>          stretchr
2018/04/28  10:21    <DIR>          syndtr
2018/04/28  10:21    <DIR>          tealeg
2018/04/28  10:21    <DIR>          tidwall
2019/09/19  14:02    <DIR>          valyala
2019/09/19  14:02    <DIR>          xeipuuv
2019/07/25  13:26    <DIR>          xwb1989
               0 File(s)              0 bytes
              42 Dir(s)  88,537,063,424 bytes free
